<?xml version="1.0" encoding="UTF-8"?>
<!-- Generated by org.testng.reporters.JUnitReportReporter -->
<testsuite skipped="0" hostname="test" name="TestXunit01.LoginTest" tests="3" failures="0" timestamp="28 十二月 2018 08:28:29 GMT" time="0.019" errors="0">
  <testcase name="testLogin" time="0.016" classname="TestXunit01.LoginTest"/>
  <testcase name="testLogin" time="0.001" classname="TestXunit01.LoginTest"/>
  <testcase name="testLogin" time="0.002" classname="TestXunit01.LoginTest"/>
</testsuite> <!-- TestXunit01.LoginTest -->
