<?xml version="1.0" encoding="UTF-8"?>
<!-- Generated by org.testng.reporters.JUnitReportReporter -->
<testsuite skipped="0" hostname="test" name="GroupTest" tests="2" failures="0" timestamp="21 一月 2021 08:37:52 GMT" time="0.003" errors="0">
  <testcase name="test2" time="0.000" classname="GroupTest"/>
  <testcase name="test11" time="0.003" classname="GroupTest"/>
</testsuite> <!-- GroupTest -->
